Attaching to shibboleth-idp-dockerized_rest_1, shibboleth-idp-dockerized_idp_1
[33mrest_1  |[0m [40m[32minfo[39m[22m[49m: Microsoft.Hosting.Lifetime[0]
[33mrest_1  |[0m       Now listening on: http://[::]:4000
[33mrest_1  |[0m [40m[32minfo[39m[22m[49m: Microsoft.Hosting.Lifetime[0]
[33mrest_1  |[0m       Application started. Press Ctrl+C to shut down.
[33mrest_1  |[0m [40m[32minfo[39m[22m[49m: Microsoft.Hosting.Lifetime[0]
[33mrest_1  |[0m       Hosting environment: Production
[33mrest_1  |[0m [40m[32minfo[39m[22m[49m: Microsoft.Hosting.Lifetime[0]
[33mrest_1  |[0m       Content root path: /app
[36midp_1   |[0m Running Jetty: 
[36midp_1   |[0m 23:23:02.356 - INFO [org.eclipse.jetty.util.log:193] - Logging initialized @954ms to org.eclipse.jetty.util.log.Slf4jLog
[36midp_1   |[0m 23:23:02.542 - WARN [org.eclipse.jetty.xml.XmlConfiguration:727] - Deprecated method public void org.eclipse.jetty.server.HttpConfiguration.setBlockingTimeout(long) in file:///opt/jetty-distribution-9.4.19.v20190610/etc/jetty.xml
[36midp_1   |[0m 23:23:02.669 - INFO [org.eclipse.jetty.util.log:-2] - Console stderr/stdout captured to /opt/shib-jetty-base/logs/2020_10_26.jetty.log
[36midp_1   |[0m 23:23:02,778 |-INFO in logback-access - Will use configuration resource [/logback-access.xml]
[36midp_1   |[0m 23:23:02,784 |-INFO in ch.qos.logback.access.joran.action.ConfigurationAction - debug attribute not set
[36midp_1   |[0m 23:23:02,785 |-INFO in ch.qos.logback.core.joran.action.StatusListenerAction - Added status listener of type [ch.qos.logback.core.status.OnConsoleStatusListener]
[36midp_1   |[0m 23:23:02,788 |-INFO in ch.qos.logback.core.joran.action.AppenderAction - About to instantiate appender of type [ch.qos.logback.core.ConsoleAppender]
[36midp_1   |[0m 23:23:02,788 |-INFO in ch.qos.logback.core.joran.action.AppenderAction - Naming appender as [FILE]
[36midp_1   |[0m 23:23:02,789 |-INFO in ch.qos.logback.core.joran.action.NestedComplexPropertyIA - Assuming default type [ch.qos.logback.access.PatternLayoutEncoder] for [encoder] property
[36midp_1   |[0m 23:23:02,804 |-INFO in ch.qos.logback.core.joran.action.AppenderRefAction - Attaching appender named [FILE] to logback-access
[36midp_1   |[0m 23:23:02,806 |-INFO in ch.qos.logback.access.joran.action.ConfigurationAction - End of configuration.
[36midp_1   |[0m 23:23:02,807 |-INFO in ch.qos.logback.access.joran.JoranConfigurator@1984b1f - Registering current configuration as safe fallback point
[36midp_1   |[0m 
[36midp_1   |[0m WARNING: An illegal reflective access operation has occurred
[36midp_1   |[0m WARNING: Illegal reflective access by javassist.util.proxy.SecurityActions (file:/tmp/jetty-localhost-80-idp.war-_idp-any-4772366410065449657.dir/webinf/WEB-INF/lib/javassist-3.18.1-GA.jar) to method java.lang.ClassLoader.defineClass(java.lang.String,byte[],int,int,java.security.ProtectionDomain)
[36midp_1   |[0m WARNING: Please consider reporting this to the maintainers of javassist.util.proxy.SecurityActions
[36midp_1   |[0m WARNING: Use --illegal-access=warn to enable warnings of further illegal reflective access operations
[36midp_1   |[0m WARNING: All illegal access operations will be denied in a future release
Gracefully stopping... (press Ctrl+C again to force)
